<?xml version="1.0" encoding="UTF-8"?>
<!-- Generated by org.testng.reporters.JUnitXMLReporter -->
<testsuite ignored="0" hostname="Somasundaram" failures="1" tests="1" name="Featured course" time="9.853" errors="0" timestamp="19 Jul 2020 16:05:34 GMT">
  <testcase classname="Learn.Framework.FeaturedCourse" name="validateSectionName" time="0.086">
    <failure type="java.lang.AssertionError" message="expected [Featured Course] but found [Featured Courses]">
      <![CDATA[java.lang.AssertionError: expected [Featured Course] but found [Featured Courses]
at Learn.Framework.FeaturedCourse.validateSectionName(FeaturedCourse.java:29)
... Removed 31 stack frames]]>
    </failure>
  </testcase> <!-- validateSectionName -->
</testsuite> <!-- Featured course -->
