<?xml version="1.0" encoding="UTF-8"?>
<!-- Generated by org.testng.reporters.JUnitXMLReporter -->
<testsuite ignored="0" hostname="Somasundaram" failures="0" tests="3" name="Test" time="94.405" errors="0" timestamp="18 Jul 2020 16:27:14 GMT">
  <testcase classname="Learn.Framework.Articlepage" name="article" time="8.495"/>
  <testcase classname="Learn.Framework.Aboutpage" name="Signup" time="18.845"/>
  <testcase classname="Learn.Framework.Homepage" name="login" time="11.706"/>
</testsuite> <!-- Test -->
