-------------------------------------------------------------------------------
Test set: TestSuite
-------------------------------------------------------------------------------
Tests run: 4, Failures: 1, Errors: 0, Skipped: 0, Time elapsed: 182.437 s <<< FAILURE! - in TestSuite
Learn.Framework.FeaturedCourse.validateSectionName  Time elapsed: 0.817 s  <<< FAILURE!
java.lang.AssertionError: expected [Featured Course] but found [Featured Courses]
	at Learn.Framework.FeaturedCourse.validateSectionName(FeaturedCourse.java:29)

